Ping at: Fri Jul 18 07:13:40 UTC 2025
Ping at: Fri Jul 18 07:19:10 UTC 2025
Ping at: Fri Jul 18 17:22:01 UTC 2025
Ping at: Sat Jul 19 07:21:30 UTC 2025
Ping at: Sat Jul 19 17:19:41 UTC 2025
Ping at: Sun Jul 20 07:21:35 UTC 2025
Ping at: Sun Jul 20 17:18:57 UTC 2025
Ping at: Mon Jul 21 07:31:25 UTC 2025
Ping at: Mon Jul 21 17:22:24 UTC 2025
Ping at: Tue Jul 22 07:26:15 UTC 2025
Ping at: Tue Jul 22 17:22:32 UTC 2025
Ping at: Wed Jul 23 07:27:05 UTC 2025
Ping at: Wed Jul 23 17:22:59 UTC 2025
Ping at: Thu Jul 24 07:26:17 UTC 2025
Ping at: Thu Jul 24 14:58:57 UTC 2025
Ping at: Thu Jul 24 15:24:14 UTC 2025
Ping at: Fri Jul 25 09:42:57 UTC 2025
Ping at: Fri Jul 25 14:53:34 UTC 2025
Ping at: Sat Jul 26 09:36:54 UTC 2025
Ping at: Sat Jul 26 14:51:08 UTC 2025
Ping at: Mon Jul 28 09:45:31 UTC 2025
Ping at: Mon Jul 28 14:56:08 UTC 2025
Ping at: Tue Jul 29 09:44:02 UTC 2025
Ping at: Tue Jul 29 14:57:38 UTC 2025
Ping at: Wed Jul 30 09:46:22 UTC 2025
Ping at: Wed Jul 30 14:55:37 UTC 2025
Ping at: Thu Jul 31 09:44:13 UTC 2025
Ping at: Thu Jul 31 14:56:23 UTC 2025
Ping at: Fri Aug  1 09:44:20 UTC 2025
Ping at: Fri Aug  1 14:54:52 UTC 2025
Ping at: Sat Aug  2 09:38:51 UTC 2025
Ping at: Sat Aug  2 14:50:54 UTC 2025
Ping at: Mon Aug  4 09:49:35 UTC 2025
Ping at: Mon Aug  4 13:56:25 UTC 2025
Ping at: Mon Aug  4 17:59:16 UTC 2025
Ping at: Tue Aug  5 08:45:59 UTC 2025
Ping at: Tue Aug  5 13:56:23 UTC 2025
Ping at: Tue Aug  5 17:58:39 UTC 2025
Ping at: Wed Aug  6 08:45:51 UTC 2025
Ping at: Wed Aug  6 13:56:31 UTC 2025
Ping at: Wed Aug  6 17:58:54 UTC 2025
Ping at: Thu Aug  7 08:45:30 UTC 2025
Ping at: Thu Aug  7 13:55:29 UTC 2025
Ping at: Thu Aug  7 17:58:36 UTC 2025
Ping at: Fri Aug  8 08:45:00 UTC 2025
Ping at: Fri Aug  8 13:53:42 UTC 2025
Ping at: Fri Aug  8 17:58:54 UTC 2025
Ping at: Sat Aug  9 08:37:23 UTC 2025
Ping at: Sat Aug  9 13:43:56 UTC 2025
Ping at: Sun Aug 10 08:36:45 UTC 2025
Ping at: Mon Aug 11 08:44:59 UTC 2025
Ping at: Mon Aug 11 13:53:55 UTC 2025
Ping at: Mon Aug 11 17:58:47 UTC 2025
Ping at: Tue Aug 12 08:41:36 UTC 2025
Ping at: Tue Aug 12 13:49:17 UTC 2025
Ping at: Tue Aug 12 17:58:56 UTC 2025
Ping at: Wed Aug 13 08:42:55 UTC 2025
Ping at: Wed Aug 13 13:50:45 UTC 2025
Ping at: Wed Aug 13 17:58:37 UTC 2025
Ping at: Thu Aug 14 08:42:48 UTC 2025
Ping at: Thu Aug 14 13:50:37 UTC 2025
Ping at: Thu Aug 14 17:58:54 UTC 2025
Ping at: Fri Aug 15 08:39:49 UTC 2025
Ping at: Fri Aug 15 13:45:14 UTC 2025
Ping at: Fri Aug 15 17:58:40 UTC 2025
Ping at: Sat Aug 16 08:36:11 UTC 2025
Ping at: Sat Aug 16 13:40:55 UTC 2025
Ping at: Sun Aug 17 08:36:33 UTC 2025
Ping at: Mon Aug 18 08:43:33 UTC 2025
Ping at: Mon Aug 18 13:51:21 UTC 2025
Ping at: Mon Aug 18 17:58:46 UTC 2025
Ping at: Tue Aug 19 08:38:54 UTC 2025
Ping at: Tue Aug 19 13:45:03 UTC 2025
Ping at: Tue Aug 19 17:59:03 UTC 2025
Ping at: Wed Aug 20 08:37:55 UTC 2025
Ping at: Wed Aug 20 13:45:27 UTC 2025
Ping at: Wed Aug 20 17:58:55 UTC 2025
Ping at: Thu Aug 21 08:37:02 UTC 2025
Ping at: Thu Aug 21 13:45:01 UTC 2025
Ping at: Thu Aug 21 17:58:38 UTC 2025
Ping at: Fri Aug 22 08:36:47 UTC 2025
Ping at: Fri Aug 22 13:42:53 UTC 2025
Ping at: Fri Aug 22 17:58:36 UTC 2025
Ping at: Sat Aug 23 08:34:04 UTC 2025
Ping at: Sat Aug 23 13:38:37 UTC 2025
Ping at: Sun Aug 24 08:33:19 UTC 2025
Ping at: Mon Aug 25 08:41:45 UTC 2025
Ping at: Mon Aug 25 13:45:26 UTC 2025
Ping at: Mon Aug 25 17:58:31 UTC 2025
Ping at: Tue Aug 26 08:40:12 UTC 2025
Ping at: Tue Aug 26 13:46:31 UTC 2025
Ping at: Tue Aug 26 17:58:31 UTC 2025
Ping at: Wed Aug 27 08:36:30 UTC 2025
Ping at: Wed Aug 27 13:42:15 UTC 2025
Ping at: Wed Aug 27 17:58:52 UTC 2025
Ping at: Thu Aug 28 08:36:22 UTC 2025
Ping at: Thu Aug 28 13:43:11 UTC 2025
Ping at: Thu Aug 28 17:58:44 UTC 2025
Ping at: Fri Aug 29 08:36:12 UTC 2025
Ping at: Fri Aug 29 13:41:22 UTC 2025
Ping at: Fri Aug 29 17:58:46 UTC 2025
Ping at: Sat Aug 30 08:32:16 UTC 2025
Ping at: Sat Aug 30 13:36:16 UTC 2025
Ping at: Sun Aug 31 08:32:05 UTC 2025
Ping at: Mon Sep  1 08:39:41 UTC 2025
